<?xml version="1.0" encoding="UTF-8"?>
<!-- Generated by org.testng.reporters.JUnitReportReporter -->
<testsuite skipped="0" hostname="DESKTOP-OK8P6U3" name="JS_Count" tests="1" failures="0" timestamp="2022-07-15T00:29:45 EDT" time="0.020" errors="0">
  <testcase name="CountTest" time="0.020" classname="JS_Count"/>
  <system-out/>
</testsuite> <!-- JS_Count -->
