<?xml version="1.0" encoding="UTF-8"?>
<!-- Generated by org.testng.reporters.JUnitReportReporter -->
<testsuite skipped="0" hostname="DESKTOP-OK8P6U3" name="JS_NumbersStartingWith1" tests="1" failures="0" timestamp="2022-07-14T23:42:59 EDT" time="0.007" errors="0">
  <testcase name="NumbersStartingWith1" time="0.007" classname="JS_NumbersStartingWith1"/>
  <system-out/>
</testsuite> <!-- JS_NumbersStartingWith1 -->
