<?xml version="1.0" encoding="UTF-8"?>
<!-- Generated by org.testng.reporters.JUnitReportReporter -->
<testsuite skipped="0" hostname="DESKTOP-OK8P6U3" name="JS_EvenNumber" tests="1" failures="0" timestamp="2022-07-14T22:44:31 EDT" time="0.008" errors="0">
  <testcase name="EvenNumbTest" time="0.008" classname="JS_EvenNumber"/>
  <system-out/>
</testsuite> <!-- JS_EvenNumber -->
