<?xml version="1.0" encoding="UTF-8"?>
<!-- Generated by org.testng.reporters.JUnitReportReporter -->
<testsuite skipped="0" hostname="DESKTOP-OK8P6U3" name="JS_DuplicateElements" tests="1" failures="0" timestamp="2022-07-14T23:48:42 EDT" time="0.006" errors="0">
  <testcase name="DuplicateTest" time="0.006" classname="JS_DuplicateElements"/>
  <system-out/>
</testsuite> <!-- JS_DuplicateElements -->
