<?xml version="1.0" encoding="UTF-8"?>
<!-- Generated by org.testng.reporters.JUnitReportReporter -->
<testsuite skipped="0" hostname="DESKTOP-OK8P6U3" name="JS_PrintingtheNames" tests="2" failures="0" timestamp="2022-07-14T13:23:17 EDT" time="0.009" errors="0">
  <testcase name="JSPrintNames" time="0.001" classname="JS_PrintingtheNames"/>
  <system-out/>
  <testcase name="JSPrintCountOfNames" time="0.008" classname="JS_PrintingtheNames"/>
  <system-out/>
</testsuite> <!-- JS_PrintingtheNames -->
