<?xml version="1.0" encoding="UTF-8"?>
<!-- Generated by org.testng.reporters.JUnitReportReporter -->
<testsuite skipped="0" hostname="DESKTOP-OK8P6U3" name="JS_FirstElement" tests="1" failures="0" timestamp="2022-07-14T23:54:26 EDT" time="0.008" errors="0">
  <testcase name="FirstElement" time="0.008" classname="JS_FirstElement"/>
  <system-out/>
</testsuite> <!-- JS_FirstElement -->
